<?xml version="1.0" encoding="UTF-8"?>
<!-- Generated by org.testng.reporters.JUnitReportReporter -->
<testsuite hostname="EPINPUNW069E" failures="0" tests="1" name="integrationsTests.ChildModuleTest" time="0.004" errors="0" timestamp="2024-08-19T13:27:11 IST" skipped="0">
  <testcase classname="integrationsTests.ChildModuleTest" name="testingChildModule" time="0.004"/>
</testsuite> <!-- integrationsTests.ChildModuleTest -->
