<?xml version="1.0" encoding="UTF-8"?>
<!-- Generated by org.testng.reporters.JUnitReportReporter -->
<testsuite hostname="EPINPUNW069E" failures="0" tests="1" name="runners.TestRunner_Smoke" time="0.064" errors="0" timestamp="2024-08-16T17:41:47 IST" skipped="0">
  <testcase classname="runners.TestRunner_Smoke" name="runScenario" time="0.064"/>
</testsuite> <!-- runners.TestRunner_Smoke -->
