<?xml version="1.0" encoding="UTF-8"?>
<!-- Generated by org.testng.reporters.JUnitReportReporter -->
<testsuite hostname="EPINPUNW069E" failures="0" tests="3" name="acceptance_tests.Module1_Test" time="0.003" errors="0" timestamp="2024-08-19T13:27:10 IST" skipped="0">
  <testcase classname="acceptance_tests.Module1_Test" name="checkingStabilityOfBuild" time="0.003"/>
  <testcase classname="acceptance_tests.Module1_Test" name="securityChecksRun" time="0.000"/>
  <testcase classname="acceptance_tests.Module1_Test" name="performanceChecksRun" time="0.000"/>
</testsuite> <!-- acceptance_tests.Module1_Test -->
