<?xml version="1.0" encoding="UTF-8"?>
<!-- Generated by org.testng.reporters.JUnitReportReporter -->
<testsuite hostname="EPINPUNW069E" failures="0" tests="1" name="runners.TestRunner" time="0.067" errors="0" timestamp="2024-08-16T17:14:37 IST" skipped="0">
  <testcase classname="runners.TestRunner" name="runScenario" time="0.067"/>
</testsuite> <!-- runners.TestRunner -->
