<?xml version="1.0" encoding="UTF-8"?>
<!-- Generated by org.testng.reporters.JUnitReportReporter -->
<testsuite hostname="EPINPUNW069E" failures="0" tests="1" name="runners.TestRunner_Regression" time="0.042" errors="0" timestamp="2024-08-16T18:18:40 IST" skipped="0">
  <testcase classname="runners.TestRunner_Regression" name="runScenario" time="0.042"/>
</testsuite> <!-- runners.TestRunner_Regression -->
