<?xml version="1.0" encoding="UTF-8"?>
<testsuite xmlns:xsi="http://www.w3.org/2001/XMLSchema-instance" xsi:noNamespaceSchemaLocation="https://maven.apache.org/surefire/maven-surefire-plugin/xsd/surefire-test-report-3.0.xsd" version="3.0" name="acceptance_tests.Module1_Test" time="0.399" tests="3" errors="0" skipped="0" failures="0">
  <properties>
    <property name="sun.desktop" value="windows"/>
    <property name="awt.toolkit" value="sun.awt.windows.WToolkit"/>
    <property name="java.specification.version" value="11"/>
    <property name="sun.cpu.isalist" value="amd64"/>
    <property name="sun.jnu.encoding" value="Cp1252"/>
    <property name="java.class.path" value="C:\Users\shubhangimadhukar_sa\MavenMentoring\hometask4\FirstModule\target\test-classes;C:\Users\shubhangimadhukar_sa\MavenMentoring\hometask4\FirstModule\target\classes;C:\Users\shubhangimadhukar_sa\.m2\repository\org\testng\testng\7.10.2\testng-7.10.2.jar;C:\Users\shubhangimadhukar_sa\.m2\repository\org\slf4j\slf4j-api\1.7.36\slf4j-api-1.7.36.jar;C:\Users\shubhangimadhukar_sa\.m2\repository\com\beust\jcommander\1.82\jcommander-1.82.jar;C:\Users\shubhangimadhukar_sa\.m2\repository\org\webjars\jquery\3.7.1\jquery-3.7.1.jar;"/>
    <property name="java.vm.vendor" value="Oracle Corporation"/>
    <property name="sun.arch.data.model" value="64"/>
    <property name="user.variant" value=""/>
    <property name="java.vendor.url" value="https://openjdk.java.net/"/>
    <property name="user.timezone" value="Asia/Calcutta"/>
    <property name="java.vm.specification.version" value="11"/>
    <property name="os.name" value="Windows 11"/>
    <property name="sun.java.launcher" value="SUN_STANDARD"/>
    <property name="user.country" value="IN"/>
    <property name="sun.boot.library.path" value="C:\Program Files\Java\jdk-11\bin"/>
    <property name="sun.java.command" value="C:\Users\shubhangimadhukar_sa\AppData\Local\Temp\surefire16110112292199408828\surefirebooter-20240819132710168_3.jar C:\Users\shubhangimadhukar_sa\AppData\Local\Temp\surefire16110112292199408828 2024-08-19T13-27-10_012-jvmRun1 surefire-20240819132710168_1tmp surefire_0-20240819132710168_2tmp"/>
    <property name="jdk.debug" value="release"/>
    <property name="surefire.test.class.path" value="C:\Users\shubhangimadhukar_sa\MavenMentoring\hometask4\FirstModule\target\test-classes;C:\Users\shubhangimadhukar_sa\MavenMentoring\hometask4\FirstModule\target\classes;C:\Users\shubhangimadhukar_sa\.m2\repository\org\testng\testng\7.10.2\testng-7.10.2.jar;C:\Users\shubhangimadhukar_sa\.m2\repository\org\slf4j\slf4j-api\1.7.36\slf4j-api-1.7.36.jar;C:\Users\shubhangimadhukar_sa\.m2\repository\com\beust\jcommander\1.82\jcommander-1.82.jar;C:\Users\shubhangimadhukar_sa\.m2\repository\org\webjars\jquery\3.7.1\jquery-3.7.1.jar;"/>
    <property name="sun.cpu.endian" value="little"/>
    <property name="user.home" value="C:\Users\shubhangimadhukar_sa"/>
    <property name="user.language" value="en"/>
    <property name="java.specification.vendor" value="Oracle Corporation"/>
    <property name="java.version.date" value="2024-01-16"/>
    <property name="java.home" value="C:\Program Files\Java\jdk-11"/>
    <property name="file.separator" value="\"/>
    <property name="basedir" value="C:\Users\shubhangimadhukar_sa\MavenMentoring\hometask4\FirstModule"/>
    <property name="java.vm.compressedOopsMode" value="Zero based"/>
    <property name="line.separator" value="&#10;"/>
    <property name="java.specification.name" value="Java Platform API Specification"/>
    <property name="java.vm.specification.vendor" value="Oracle Corporation"/>
    <property name="java.awt.graphicsenv" value="sun.awt.Win32GraphicsEnvironment"/>
    <property name="surefire.real.class.path" value="C:\Users\shubhangimadhukar_sa\AppData\Local\Temp\surefire16110112292199408828\surefirebooter-20240819132710168_3.jar"/>
    <property name="user.script" value=""/>
    <property name="sun.management.compiler" value="HotSpot 64-Bit Tiered Compilers"/>
    <property name="java.runtime.version" value="11.0.22+9-LTS-219"/>
    <property name="user.name" value="shubhangimadhukar_sa"/>
    <property name="path.separator" value=";"/>
    <property name="os.version" value="10.0"/>
    <property name="java.runtime.name" value="Java(TM) SE Runtime Environment"/>
    <property name="file.encoding" value="Cp1252"/>
    <property name="java.vm.name" value="Java HotSpot(TM) 64-Bit Server VM"/>
    <property name="java.vendor.version" value="18.9"/>
    <property name="localRepository" value="C:\Users\shubhangimadhukar_sa\.m2\repository"/>
    <property name="java.vendor.url.bug" value="https://bugreport.java.com/bugreport/"/>
    <property name="java.io.tmpdir" value="C:\Users\SHUBHA~1\AppData\Local\Temp\"/>
    <property name="java.version" value="11.0.22"/>
    <property name="user.dir" value="C:\Users\shubhangimadhukar_sa\MavenMentoring\hometask4\FirstModule"/>
    <property name="os.arch" value="amd64"/>
    <property name="java.vm.specification.name" value="Java Virtual Machine Specification"/>
    <property name="java.awt.printerjob" value="sun.awt.windows.WPrinterJob"/>
    <property name="sun.os.patch.level" value=""/>
    <property name="java.library.path" value="C:\Program Files\Java\jdk-11\bin;C:\windows\Sun\Java\bin;C:\windows\system32;C:\windows;C:/Users/shubhangimadhukar_sa/Downloads/eclipse-java-2024-03-R-win32-x86_64/eclipse//plugins/org.eclipse.justj.openjdk.hotspot.jre.full.win32.x86_64_17.0.11.v20240426-1830/jre/bin/server;C:/Users/shubhangimadhukar_sa/Downloads/eclipse-java-2024-03-R-win32-x86_64/eclipse//plugins/org.eclipse.justj.openjdk.hotspot.jre.full.win32.x86_64_17.0.11.v20240426-1830/jre/bin;C:\Program Files\Common Files\Oracle\Java\javapath;C:\windows\system32;C:\windows;C:\windows\System32\Wbem;C:\windows\System32\WindowsPowerShell\v1.0\;C:\windows\System32\OpenSSH\;C:\Program Files\WindowsPowerShell\Scripts;C:\Program Files\Git\cmd;C:\Users\shubhangimadhukar_sa\Downloads\apache-maven-3.9.6-bin\apache-maven-3.9.6\bin;C:\Program Files (x86)\Java\jdk-11.0.22\bin;C:\Program Files\nodejs\;C:\Users\shubhangimadhukar_sa\AppData\Local\Microsoft\WindowsApps;C:\Users\shubhangimadhukar_sa\AppData\Local\Programs\Microsoft VS Code\bin;C:\Program Files\Java\jdk-11\bin;C:\Users\shubhangimadhukar_sa\Downloads\apache-maven-3.9.6-bin\apache-maven-3.9.6\bin;C:\Users\shubhangimadhukar_sa\AppData\Roaming\npm;C:\Users\shubhangimadhukar_sa\Downloads\eclipse-java-2024-03-R-win32-x86_64\eclipse;;."/>
    <property name="java.vendor" value="Oracle Corporation"/>
    <property name="java.vm.info" value="mixed mode"/>
    <property name="java.vm.version" value="11.0.22+9-LTS-219"/>
    <property name="java.specification.maintenance.version" value="2"/>
    <property name="sun.io.unicode.encoding" value="UnicodeLittle"/>
    <property name="java.class.version" value="55.0"/>
  </properties>
  <testcase name="checkingStabilityOfBuild" classname="acceptance_tests.Module1_Test" time="0.005">
    <system-err><![CDATA[SLF4J: Failed to load class "org.slf4j.impl.StaticLoggerBinder".
SLF4J: Defaulting to no-operation (NOP) logger implementation
SLF4J: See http://www.slf4j.org/codes.html#StaticLoggerBinder for further details.
]]></system-err>
  </testcase>
  <testcase name="securityChecksRun" classname="acceptance_tests.Module1_Test" time="0.0"/>
  <testcase name="performanceChecksRun" classname="acceptance_tests.Module1_Test" time="0.0"/>
</testsuite>